<?xml version="1.0" encoding="UTF-8"?>
<ns2:test-suite xmlns:ns2="urn:model.allure.qatools.yandex.ru" start="1505309812356" stop="1505309812378">
	<name>Login Feature Checking elements on login page</name>
	<title>Login Feature Checking elements on login page</title>
	<test-cases>
		<test-case start="1505309812360" stop="1505309812367" status="broken">
			<name>I am on login page</name>
			<title>I am on login page</title>
			<labels>
			</labels>
			<parameters>
				<parameter kind="environment-variable" name="capabilities" value="{&quot;browserName&quot;:&quot;chrome&quot;}"/>
				<parameter kind="environment-variable" name="spec files" value="[&quot;/Users/mac/Projects/ta_wdio_cucumber/tn_wdio_cucumber/e2e/test/features/LoginPage.feature&quot;]"/>
			</parameters>
			<steps>
			</steps>
			<attachments>
			</attachments>
			<failure>
				<message>Step &quot;I am on login page&quot; is not defined. You can ignore this error by setting
                              cucumberOpts.ignoreUndefinedDefinitions as true.</message>
				<stack-trace>/Users/mac/Projects/ta_wdio_cucumber/tn_wdio_cucumber/e2e/test/features/LoginPage.feature:4</stack-trace>
			</failure>
		</test-case>
		<test-case start="1505309812368" stop="1505309812373" status="broken">
			<name>I enter credentials</name>
			<title>I enter credentials</title>
			<labels>
			</labels>
			<parameters>
				<parameter kind="environment-variable" name="capabilities" value="{&quot;browserName&quot;:&quot;chrome&quot;}"/>
				<parameter kind="environment-variable" name="spec files" value="[&quot;/Users/mac/Projects/ta_wdio_cucumber/tn_wdio_cucumber/e2e/test/features/LoginPage.feature&quot;]"/>
			</parameters>
			<steps>
			</steps>
			<attachments>
			</attachments>
			<failure>
				<message>Step &quot;I enter credentials&quot; is not defined. You can ignore this error by setting
                              cucumberOpts.ignoreUndefinedDefinitions as true.</message>
				<stack-trace>/Users/mac/Projects/ta_wdio_cucumber/tn_wdio_cucumber/e2e/test/features/LoginPage.feature:5</stack-trace>
			</failure>
		</test-case>
	</test-cases>
</ns2:test-suite>